<?xml version="1.0" encoding="UTF-8"?>
<!-- Generated by org.testng.reporters.JUnitXMLReporter -->
<testsuite hostname="DESKTOP-96ITD99" ignored="0" name="chrometest" tests="1" failures="1" timestamp="31 Mar 2020 22:55:02 GMT" time="13.761" errors="0">
  <testcase name="testtwo" time="13.737" classname="com.usa.testing.CrossBrowser">
    <failure type="java.lang.NullPointerException">
      <![CDATA[java.lang.NullPointerException
at com.google.common.base.Preconditions.checkNotNull(Preconditions.java:882)
at org.openqa.selenium.support.ui.FluentWait.<init>(FluentWait.java:104)
at org.openqa.selenium.support.ui.WebDriverWait.<init>(WebDriverWait.java:71)
at org.openqa.selenium.support.ui.WebDriverWait.<init>(WebDriverWait.java:45)
at com.usa.utility.Getwait.waitmethod(Getwait.java:12)
at com.usa.testing.CrossBrowser.testtwo(CrossBrowser.java:62)
at java.util.concurrent.FutureTask.run(Unknown Source)
at java.util.concurrent.ThreadPoolExecutor.runWorker(Unknown Source)
at java.util.concurrent.ThreadPoolExecutor$Worker.run(Unknown Source)
at java.lang.Thread.run(Unknown Source)
... Removed 16 stack frames]]>
    </failure>
  </testcase> <!-- testtwo -->
</testsuite> <!-- chrometest -->
